Start testing: Oct 15 20:40 Беларусь (зима)
----------------------------------------------------------
1/1 Testing: WinApiVersionCleanupTest
1/1 Test: WinApiVersionCleanupTest
Command: "D:/_uni/2_course/operation-systems/laba-3/winapi/build/winapi_tests.exe"
Directory: D:/_uni/2_course/operation-systems/laba-3/winapi/build
"WinApiVersionCleanupTest" start time: Oct 15 20:40 Беларусь (зима)
Output:
----------------------------------------------------------
Running WinAPI cleanup test...
Thread 1: cannot mark element 1. Marked elements: 2.
Test passed.
<end of output>
Test time =   0.13 sec
----------------------------------------------------------
Test Passed.
"WinApiVersionCleanupTest" end time: Oct 15 20:40 Беларусь (зима)
"WinApiVersionCleanupTest" time elapsed: 00:00:00
----------------------------------------------------------

End testing: Oct 15 20:40 Беларусь (зима)
